


ARM Macro Assembler    Page 1 


    1 00000000                 AREA             asm,CODE
    2 00000000         
    3 00000000         ; Your code goes here
    4 00000000         
    5 00000000                 END
Command Line: --debug --xref --diag_suppress=9931 --cpu=Cortex-M4.fp --apcs=int
erwork --depend=.\flash\asm.d -o.\flash\asm.o -IC:\Users\ajp109\Dropbox\ARM\uV5
\SysProg\interwork\lab1\RTE -IC:\Keil_v5\ARM\PACK\ARM\CMSIS\4.5.0\CMSIS\Include
 -IC:\Keil_v5\ARM\PACK\Keil\STM32F4xx_DFP\2.10.0\Drivers\CMSIS\Device\ST\STM32F
4xx\Include --predefine="__EVAL SETA 1" --predefine="__UVISION_VERSION SETA 521
" --predefine="_RTE_ SETA 1" --predefine="STM32F407xx SETA 1" --list=.\flash\as
m.lst asm.s



ARM Macro Assembler    Page 1 Alphabetic symbol ordering
Relocatable symbols

asm 00000000

Symbol: asm
   Definitions
      At line 1 in file asm.s
   Uses
      None
Comment: asm unused
1 symbol
335 symbols in table
